-------------------------------------------------------------------------------
Test set: CalculatorTest
-------------------------------------------------------------------------------
Tests run: 4, Failures: 1, Errors: 0, Skipped: 0, Time elapsed: 0.06 s <<< FAILURE! - in CalculatorTest
testDiv(CalculatorTest)  Time elapsed: 0.005 s  <<< FAILURE!
junit.framework.AssertionFailedError: expected:<0> but was:<5>
	at CalculatorTest.testDiv(CalculatorTest.java:33)

